<?xml version="1.0" encoding="UTF-8"?>
<!-- Generated by org.testng.reporters.JUnitXMLReporter -->
<testsuite hostname="Mani" name="Test" tests="3" failures="0" timestamp="10 Oct 2020 21:19:02 GMT" time="35.592" errors="0">
  <testcase name="verifyRegisterWeatherWithAPIKey" time="10.767" classname="apptus.RegisterStation"/>
  <testcase name="verifyRegisterWeatherWithoutAPIKey" time="0.687" classname="apptus.RegisterStation"/>
  <testcase name="verifyAddingItemsIntoCart" time="18.69" classname="apptus.AddItemsToCart"/>
</testsuite> <!-- Test -->
